<?xml version="1.0" encoding="UTF-8"?>
<!-- Generated by org.testng.reporters.JUnitReportReporter -->
<testsuite hostname="DESKTOP-VHBCP6S" failures="0" tests="3" name="shady.tests.SubmitOrderTests" time="60.401" errors="0" timestamp="2023-02-16T17:36:40 IST" skipped="0">
  <testcase classname="shady.tests.SubmitOrderTests" name="submitOrder" time="20.312"/>
  <system-out/>
  <testcase classname="shady.tests.SubmitOrderTests" name="submitOrder" time="21.511"/>
  <system-out/>
  <testcase classname="shady.tests.SubmitOrderTests" name="OrderHistoryTest" time="18.578"/>
  <system-out/>
</testsuite> <!-- shady.tests.SubmitOrderTests -->
