<?xml version="1.0" encoding="UTF-8"?>
<!-- Generated by org.testng.reporters.JUnitReportReporter -->
<testsuite hostname="DESKTOP-VHBCP6S" failures="0" tests="1" name="cucumber.TestNGTestRunner" time="22.749" errors="0" timestamp="2023-02-17T10:38:25 IST" skipped="0">
  <testcase classname="cucumber.TestNGTestRunner" name="runScenario" time="22.749"/>
  <system-out/>
</testsuite> <!-- cucumber.TestNGTestRunner -->
