<?xml version="1.0" encoding="UTF-8"?>
<!-- Generated by org.testng.reporters.JUnitReportReporter -->
<testsuite hostname="DESKTOP-VHBCP6S" failures="0" tests="1" name="shady.tests.SubmitOrderTest" time="22.195" errors="0" timestamp="2023-02-07T09:55:49 IST" skipped="0">
  <testcase classname="shady.tests.SubmitOrderTest" name="submitOrder" time="22.195"/>
  <system-out/>
</testsuite> <!-- shady.tests.SubmitOrderTest -->
