<?xml version="1.0" encoding="UTF-8"?>
<!-- Generated by org.testng.reporters.JUnitReportReporter -->
<testsuite hostname="DESKTOP-VHBCP6S" failures="0" tests="3" name="shady.tests.SubmitOrderTests" time="14.250" errors="0" timestamp="2023-02-15T19:01:33 IST" skipped="0">
  <testcase classname="shady.tests.SubmitOrderTests" name="submitOrder" time="5.792"/>
  <system-out/>
  <testcase classname="shady.tests.SubmitOrderTests" name="OrderHistoryTest" time="3.001"/>
  <system-out/>
  <testcase classname="shady.tests.SubmitOrderTests" name="submitOrder" time="5.457"/>
  <system-out/>
</testsuite> <!-- shady.tests.SubmitOrderTests -->
